<?xml version="1.0" encoding="UTF-8"?>
<!-- Generated by org.testng.reporters.JUnitXMLReporter -->
<testsuite hostname="LAPTOP-JEI8AS0O" ignored="0" name="Test" tests="11" failures="2" timestamp="20 Oct 2019 19:46:18 GMT" time="63.87" errors="0">
  <testcase name="func1" time="0.005" classname="testcases.Functional"/>
  <testcase name="func1" time="0.001" classname="testcases.Functional"/>
  <testcase name="func2" time="0.0" classname="testcases.Functional"/>
  <testcase name="func3" time="0.001" classname="testcases.Functional"/>
  <testcase name="func1" time="0.0" classname="testcases.Functional2"/>
  <testcase name="func1" time="0.001" classname="testcases.Functional2"/>
  <testcase name="func2" time="0.0" classname="testcases.Functional2"/>
  <testcase name="func3" time="0.002" classname="testcases.Functional2"/>
  <testcase name="LoginSuccess" time="2.667" classname="testcases.NewTest"/>
  <testcase name="LoginunSuccess" time="40.952" classname="testcases.NewTest">
    <failure type="org.openqa.selenium.TimeoutException" message="Expected condition failed: waiting for element to be clickable: Proxy element for: DefaultElementLocator &amp;apos;By.cssSelector: [class=&amp;apos;account-info&amp;apos;]&amp;apos; (tried for 20 second(s) with 500 milliseconds interval)">
      <![CDATA[org.openqa.selenium.TimeoutException: Expected condition failed: waiting for element to be clickable: Proxy element for: DefaultElementLocator 'By.cssSelector: [class='account-info']' (tried for 20 second(s) with 500 milliseconds interval)
at org.openqa.selenium.support.ui.WebDriverWait.timeoutException(WebDriverWait.java:113)
at org.openqa.selenium.support.ui.FluentWait.until(FluentWait.java:283)
at testbase.TestBase.waitForElementClickable(TestBase.java:133)
at testcases.NewTest.LoginunSuccess(NewTest.java:46)
Caused by: org.openqa.selenium.NoSuchElementException: no such element: Unable to locate element: {"method":"css selector","selector":"[class='account-info']"}
  (Session info: chrome=77.0.3865.120)
For documentation on this error, please visit: http://seleniumhq.org/exceptions/no_such_element.html
Build info: version: '3.14.0', revision: 'aacccce0', time: '2018-08-02T20:19:58.91Z'
System info: host: 'LAPTOP-JEI8AS0O', ip: '192.168.99.1', os.name: 'Windows 10', os.arch: 'amd64', os.version: '10.0', java.version: '1.8.0_211'
Driver info: org.openqa.selenium.chrome.ChromeDriver
Capabilities {acceptInsecureCerts: false, browserName: chrome, browserVersion: 77.0.3865.120, chrome: {chromedriverVersion: 77.0.3865.40 (f484704e052e0..., userDataDir: C:\Users\fakhr\AppData\Loca...}, goog:chromeOptions: {debuggerAddress: localhost:54378}, javascriptEnabled: true, networkConnectionEnabled: false, pageLoadStrategy: normal, platform: XP, platformName: XP, proxy: Proxy(), setWindowRect: true, strictFileInteractability: false, timeouts: {implicit: 0, pageLoad: 300000, script: 30000}, unhandledPromptBehavior: dismiss and notify}
Session ID: 79dc86fc485f0ad08c748ab951c3aef5
*** Element info: {Using=css selector, value=[class='account-info']}
at org.openqa.selenium.remote.http.W3CHttpResponseCodec.createException(W3CHttpResponseCodec.java:187)
at org.openqa.selenium.remote.http.W3CHttpResponseCodec.decode(W3CHttpResponseCodec.java:122)
at org.openqa.selenium.remote.http.W3CHttpResponseCodec.decode(W3CHttpResponseCodec.java:49)
at org.openqa.selenium.remote.HttpCommandExecutor.execute(HttpCommandExecutor.java:158)
at org.openqa.selenium.remote.service.DriverCommandExecutor.execute(DriverCommandExecutor.java:83)
at org.openqa.selenium.remote.RemoteWebDriver.execute(RemoteWebDriver.java:548)
at org.openqa.selenium.remote.RemoteWebDriver.findElement(RemoteWebDriver.java:322)
at org.openqa.selenium.remote.RemoteWebDriver.findElementByCssSelector(RemoteWebDriver.java:416)
at org.openqa.selenium.By$ByCssSelector.findElement(By.java:431)
at org.openqa.selenium.remote.RemoteWebDriver.findElement(RemoteWebDriver.java:314)
at org.openqa.selenium.support.pagefactory.DefaultElementLocator.findElement(DefaultElementLocator.java:69)
at org.openqa.selenium.support.pagefactory.internal.LocatingElementHandler.invoke(LocatingElementHandler.java:38)
at com.sun.proxy.$Proxy16.isDisplayed(Unknown Source)
at org.openqa.selenium.support.ui.ExpectedConditions.elementIfVisible(ExpectedConditions.java:315)
at org.openqa.selenium.support.ui.ExpectedConditions.access$100(ExpectedConditions.java:44)
at org.openqa.selenium.support.ui.ExpectedConditions$10.apply(ExpectedConditions.java:301)
at org.openqa.selenium.support.ui.ExpectedConditions$10.apply(ExpectedConditions.java:298)
at org.openqa.selenium.support.ui.ExpectedConditions$23.apply(ExpectedConditions.java:686)
at org.openqa.selenium.support.ui.ExpectedConditions$23.apply(ExpectedConditions.java:682)
at org.openqa.selenium.support.ui.FluentWait.until(FluentWait.java:260)
... 27 more
... Removed 29 stack frames]]>
    </failure>
  </testcase> <!-- LoginunSuccess -->
  <testcase name="verifyListOptionOnDashboard" time="2.631" classname="testcases.NewTest">
    <failure type="java.lang.AssertionError" message="expected [10] but found [12]">
      <![CDATA[java.lang.AssertionError: expected [10] but found [12]
at testcases.NewTest.verifyListOptionOnDashboard(NewTest.java:39)
... Removed 31 stack frames]]>
    </failure>
  </testcase> <!-- verifyListOptionOnDashboard -->
</testsuite> <!-- Test -->
